{"/home/lynn/Documents/ALTERNANCE/EXO/librairie/src/index.js": {"path":"/home/lynn/Documents/ALTERNANCE/EXO/librairie/src/index.js","statementMap":{"0":{"start":{"line":5,"column":8},"end":{"line":5,"column":25}},"1":{"start":{"line":9,"column":13},"end":{"line":13,"column":1}},"2":{"start":{"line":10,"column":16},"end":{"line":10,"column":30}},"3":{"start":{"line":12,"column":4},"end":{"line":12,"column":21}},"4":{"start":{"line":15,"column":0},"end":{"line":15,"column":7}}},"fnMap":{"0":{"name":"(anonymous_0)","decl":{"start":{"line":4,"column":4},"end":{"line":4,"column":5}},"loc":{"start":{"line":4,"column":22},"end":{"line":6,"column":5}},"line":4},"1":{"name":"(anonymous_1)","decl":{"start":{"line":9,"column":13},"end":{"line":9,"column":14}},"loc":{"start":{"line":9,"column":25},"end":{"line":13,"column":1}},"line":9}},"branchMap":{},"s":{"0":0,"1":0,"2":0,"3":0,"4":0},"f":{"0":0,"1":0},"b":{}}
,"/home/lynn/Documents/ALTERNANCE/EXO/librairie/src/js/app.js": {"path":"/home/lynn/Documents/ALTERNANCE/EXO/librairie/src/js/app.js","statementMap":{"0":{"start":{"line":17,"column":12},"end":{"line":59,"column":1}},"1":{"start":{"line":18,"column":19},"end":{"line":18,"column":32}},"2":{"start":{"line":19,"column":19},"end":{"line":19,"column":52}},"3":{"start":{"line":19,"column":42},"end":{"line":19,"column":51}},"4":{"start":{"line":20,"column":2},"end":{"line":20,"column":35}},"5":{"start":{"line":22,"column":2},"end":{"line":40,"column":9}},"6":{"start":{"line":23,"column":4},"end":{"line":23,"column":35}},"7":{"start":{"line":24,"column":4},"end":{"line":24,"column":37}},"8":{"start":{"line":26,"column":4},"end":{"line":33,"column":5}},"9":{"start":{"line":27,"column":19},"end":{"line":27,"column":45}},"10":{"start":{"line":28,"column":6},"end":{"line":28,"column":59}},"11":{"start":{"line":31,"column":6},"end":{"line":31,"column":25}},"12":{"start":{"line":32,"column":6},"end":{"line":32,"column":39}},"13":{"start":{"line":35,"column":4},"end":{"line":35,"column":36}},"14":{"start":{"line":42,"column":2},"end":{"line":42,"column":74}},"15":{"start":{"line":42,"column":24},"end":{"line":42,"column":74}},"16":{"start":{"line":44,"column":2},"end":{"line":58,"column":4}}},"fnMap":{"0":{"name":"(anonymous_0)","decl":{"start":{"line":17,"column":12},"end":{"line":17,"column":13}},"loc":{"start":{"line":17,"column":18},"end":{"line":59,"column":1}},"line":17},"1":{"name":"(anonymous_1)","decl":{"start":{"line":19,"column":31},"end":{"line":19,"column":32}},"loc":{"start":{"line":19,"column":42},"end":{"line":19,"column":51}},"line":19},"2":{"name":"(anonymous_2)","decl":{"start":{"line":22,"column":12},"end":{"line":22,"column":13}},"loc":{"start":{"line":22,"column":24},"end":{"line":40,"column":3}},"line":22}},"branchMap":{"0":{"loc":{"start":{"line":42,"column":2},"end":{"line":42,"column":74}},"type":"if","locations":[{"start":{"line":42,"column":2},"end":{"line":42,"column":74}},{"start":{"line":42,"column":2},"end":{"line":42,"column":74}}],"line":42}},"s":{"0":0,"1":0,"2":0,"3":0,"4":0,"5":0,"6":0,"7":0,"8":0,"9":0,"10":0,"11":0,"12":0,"13":0,"14":0,"15":0,"16":0},"f":{"0":0,"1":0,"2":0},"b":{"0":[0,0]}}
,"/home/lynn/Documents/ALTERNANCE/EXO/librairie/src/js/index.js": {"path":"/home/lynn/Documents/ALTERNANCE/EXO/librairie/src/js/index.js","statementMap":{"0":{"start":{"line":10,"column":14},"end":{"line":10,"column":30}},"1":{"start":{"line":12,"column":19},"end":{"line":12,"column":49}},"2":{"start":{"line":14,"column":0},"end":{"line":19,"column":1}}},"fnMap":{},"branchMap":{},"s":{"0":0,"1":0,"2":0},"f":{},"b":{}}
,"/home/lynn/Documents/ALTERNANCE/EXO/librairie/src/js/components/authRoute.js": {"path":"/home/lynn/Documents/ALTERNANCE/EXO/librairie/src/js/components/authRoute.js","statementMap":{"0":{"start":{"line":5,"column":18},"end":{"line":16,"column":1}},"1":{"start":{"line":6,"column":20},"end":{"line":6,"column":29}},"2":{"start":{"line":7,"column":19},"end":{"line":7,"column":28}},"3":{"start":{"line":9,"column":2},"end":{"line":9,"column":39}},"4":{"start":{"line":11,"column":2},"end":{"line":11,"column":52}},"5":{"start":{"line":11,"column":17},"end":{"line":11,"column":52}},"6":{"start":{"line":13,"column":2},"end":{"line":15,"column":4}},"7":{"start":{"line":14,"column":51},"end":{"line":14,"column":75}},"8":{"start":{"line":18,"column":16},"end":{"line":22,"column":1}},"9":{"start":{"line":19,"column":15},"end":{"line":19,"column":61}},"10":{"start":{"line":19,"column":38},"end":{"line":19,"column":60}},"11":{"start":{"line":20,"column":2},"end":{"line":20,"column":28}},"12":{"start":{"line":21,"column":2},"end":{"line":21,"column":23}}},"fnMap":{"0":{"name":"(anonymous_0)","decl":{"start":{"line":5,"column":18},"end":{"line":5,"column":19}},"loc":{"start":{"line":5,"column":60},"end":{"line":16,"column":1}},"line":5},"1":{"name":"(anonymous_1)","decl":{"start":{"line":14,"column":45},"end":{"line":14,"column":46}},"loc":{"start":{"line":14,"column":51},"end":{"line":14,"column":75}},"line":14},"2":{"name":"(anonymous_2)","decl":{"start":{"line":18,"column":16},"end":{"line":18,"column":17}},"loc":{"start":{"line":18,"column":22},"end":{"line":22,"column":1}},"line":18},"3":{"name":"(anonymous_3)","decl":{"start":{"line":19,"column":27},"end":{"line":19,"column":28}},"loc":{"start":{"line":19,"column":38},"end":{"line":19,"column":60}},"line":19}},"branchMap":{"0":{"loc":{"start":{"line":11,"column":2},"end":{"line":11,"column":52}},"type":"if","locations":[{"start":{"line":11,"column":2},"end":{"line":11,"column":52}},{"start":{"line":11,"column":2},"end":{"line":11,"column":52}}],"line":11}},"s":{"0":0,"1":0,"2":0,"3":0,"4":0,"5":0,"6":0,"7":0,"8":0,"9":0,"10":0,"11":0,"12":0},"f":{"0":0,"1":0,"2":0,"3":0},"b":{"0":[0,0]}}
,"/home/lynn/Documents/ALTERNANCE/EXO/librairie/src/js/components/ban.js": {"path":"/home/lynn/Documents/ALTERNANCE/EXO/librairie/src/js/components/ban.js","statementMap":{"0":{"start":{"line":4,"column":12},"end":{"line":12,"column":1}},"1":{"start":{"line":5,"column":2},"end":{"line":11,"column":4}}},"fnMap":{"0":{"name":"(anonymous_0)","decl":{"start":{"line":4,"column":12},"end":{"line":4,"column":13}},"loc":{"start":{"line":4,"column":23},"end":{"line":12,"column":1}},"line":4}},"branchMap":{},"s":{"0":2,"1":3},"f":{"0":3},"b":{},"_coverageSchema":"1a1c01bbd47fc00a2c39e90264f33305004495a9","hash":"fe916d821a1c5e38b370e7e4d76dffcca8dbc720"}
,"/home/lynn/Documents/ALTERNANCE/EXO/librairie/src/js/components/button.js": {"path":"/home/lynn/Documents/ALTERNANCE/EXO/librairie/src/js/components/button.js","statementMap":{"0":{"start":{"line":3,"column":15},"end":{"line":5,"column":1}},"1":{"start":{"line":4,"column":4},"end":{"line":4,"column":53}}},"fnMap":{"0":{"name":"(anonymous_0)","decl":{"start":{"line":3,"column":15},"end":{"line":3,"column":16}},"loc":{"start":{"line":3,"column":27},"end":{"line":5,"column":1}},"line":3}},"branchMap":{},"s":{"0":0,"1":0},"f":{"0":0},"b":{}}
,"/home/lynn/Documents/ALTERNANCE/EXO/librairie/src/js/components/header.js": {"path":"/home/lynn/Documents/ALTERNANCE/EXO/librairie/src/js/components/header.js","statementMap":{"0":{"start":{"line":8,"column":15},"end":{"line":47,"column":1}},"1":{"start":{"line":9,"column":17},"end":{"line":9,"column":30}},"2":{"start":{"line":10,"column":16},"end":{"line":10,"column":28}},"3":{"start":{"line":11,"column":16},"end":{"line":11,"column":54}},"4":{"start":{"line":11,"column":39},"end":{"line":11,"column":53}},"5":{"start":{"line":12,"column":2},"end":{"line":12,"column":21}},"6":{"start":{"line":14,"column":15},"end":{"line":14,"column":61}},"7":{"start":{"line":14,"column":38},"end":{"line":14,"column":60}},"8":{"start":{"line":15,"column":17},"end":{"line":19,"column":3}},"9":{"start":{"line":16,"column":4},"end":{"line":16,"column":23}},"10":{"start":{"line":17,"column":4},"end":{"line":17,"column":36}},"11":{"start":{"line":18,"column":4},"end":{"line":18,"column":27}},"12":{"start":{"line":20,"column":2},"end":{"line":20,"column":27}},"13":{"start":{"line":22,"column":2},"end":{"line":46,"column":4}}},"fnMap":{"0":{"name":"(anonymous_0)","decl":{"start":{"line":8,"column":15},"end":{"line":8,"column":16}},"loc":{"start":{"line":8,"column":26},"end":{"line":47,"column":1}},"line":8},"1":{"name":"(anonymous_1)","decl":{"start":{"line":11,"column":28},"end":{"line":11,"column":29}},"loc":{"start":{"line":11,"column":39},"end":{"line":11,"column":53}},"line":11},"2":{"name":"(anonymous_2)","decl":{"start":{"line":14,"column":27},"end":{"line":14,"column":28}},"loc":{"start":{"line":14,"column":38},"end":{"line":14,"column":60}},"line":14},"3":{"name":"(anonymous_3)","decl":{"start":{"line":15,"column":17},"end":{"line":15,"column":18}},"loc":{"start":{"line":15,"column":24},"end":{"line":19,"column":3}},"line":15}},"branchMap":{"0":{"loc":{"start":{"line":33,"column":9},"end":{"line":40,"column":18}},"type":"cond-expr","locations":[{"start":{"line":33,"column":25},"end":{"line":38,"column":18}},{"start":{"line":38,"column":21},"end":{"line":40,"column":18}}],"line":33}},"s":{"0":0,"1":0,"2":0,"3":0,"4":0,"5":0,"6":0,"7":0,"8":0,"9":0,"10":0,"11":0,"12":0,"13":0},"f":{"0":0,"1":0,"2":0,"3":0},"b":{"0":[0,0]}}
,"/home/lynn/Documents/ALTERNANCE/EXO/librairie/src/js/components/inputgroup.js": {"path":"/home/lynn/Documents/ALTERNANCE/EXO/librairie/src/js/components/inputgroup.js","statementMap":{"0":{"start":{"line":3,"column":19},"end":{"line":42,"column":1}},"1":{"start":{"line":4,"column":23},"end":{"line":6,"column":3}},"2":{"start":{"line":5,"column":4},"end":{"line":5,"column":36}},"3":{"start":{"line":8,"column":2},"end":{"line":41,"column":4}}},"fnMap":{"0":{"name":"(anonymous_0)","decl":{"start":{"line":3,"column":19},"end":{"line":3,"column":20}},"loc":{"start":{"line":3,"column":72},"end":{"line":42,"column":1}},"line":3},"1":{"name":"(anonymous_1)","decl":{"start":{"line":4,"column":23},"end":{"line":4,"column":24}},"loc":{"start":{"line":4,"column":34},"end":{"line":6,"column":3}},"line":4}},"branchMap":{"0":{"loc":{"start":{"line":11,"column":7},"end":{"line":19,"column":7}},"type":"binary-expr","locations":[{"start":{"line":11,"column":7},"end":{"line":11,"column":22}},{"start":{"line":12,"column":8},"end":{"line":18,"column":10}}],"line":11},"1":{"loc":{"start":{"line":20,"column":7},"end":{"line":29,"column":7}},"type":"binary-expr","locations":[{"start":{"line":20,"column":7},"end":{"line":20,"column":26}},{"start":{"line":21,"column":8},"end":{"line":28,"column":10}}],"line":20},"2":{"loc":{"start":{"line":31,"column":7},"end":{"line":39,"column":7}},"type":"binary-expr","locations":[{"start":{"line":31,"column":7},"end":{"line":31,"column":23}},{"start":{"line":32,"column":8},"end":{"line":38,"column":10}}],"line":31}},"s":{"0":0,"1":0,"2":0,"3":0},"f":{"0":0,"1":0},"b":{"0":[0,0],"1":[0,0],"2":[0,0]}}
,"/home/lynn/Documents/ALTERNANCE/EXO/librairie/src/js/components/layout.js": {"path":"/home/lynn/Documents/ALTERNANCE/EXO/librairie/src/js/components/layout.js","statementMap":{"0":{"start":{"line":6,"column":15},"end":{"line":19,"column":1}},"1":{"start":{"line":7,"column":15},"end":{"line":7,"column":61}},"2":{"start":{"line":7,"column":38},"end":{"line":7,"column":60}},"3":{"start":{"line":9,"column":2},"end":{"line":18,"column":4}}},"fnMap":{"0":{"name":"(anonymous_0)","decl":{"start":{"line":6,"column":15},"end":{"line":6,"column":16}},"loc":{"start":{"line":6,"column":33},"end":{"line":19,"column":1}},"line":6},"1":{"name":"(anonymous_1)","decl":{"start":{"line":7,"column":27},"end":{"line":7,"column":28}},"loc":{"start":{"line":7,"column":38},"end":{"line":7,"column":60}},"line":7}},"branchMap":{"0":{"loc":{"start":{"line":13,"column":10},"end":{"line":13,"column":34}},"type":"binary-expr","locations":[{"start":{"line":13,"column":10},"end":{"line":13,"column":23}},{"start":{"line":13,"column":27},"end":{"line":13,"column":34}}],"line":13}},"s":{"0":0,"1":0,"2":0,"3":0},"f":{"0":0,"1":0},"b":{"0":[0,0]}}
,"/home/lynn/Documents/ALTERNANCE/EXO/librairie/src/js/components/nav.js": {"path":"/home/lynn/Documents/ALTERNANCE/EXO/librairie/src/js/components/nav.js","statementMap":{"0":{"start":{"line":4,"column":12},"end":{"line":13,"column":1}},"1":{"start":{"line":5,"column":2},"end":{"line":12,"column":4}}},"fnMap":{"0":{"name":"(anonymous_0)","decl":{"start":{"line":4,"column":12},"end":{"line":4,"column":13}},"loc":{"start":{"line":4,"column":23},"end":{"line":13,"column":1}},"line":4}},"branchMap":{},"s":{"0":0,"1":0},"f":{"0":0},"b":{}}
,"/home/lynn/Documents/ALTERNANCE/EXO/librairie/src/js/pages/dashboard.js": {"path":"/home/lynn/Documents/ALTERNANCE/EXO/librairie/src/js/pages/dashboard.js","statementMap":{"0":{"start":{"line":3,"column":18},"end":{"line":9,"column":1}},"1":{"start":{"line":4,"column":2},"end":{"line":8,"column":4}}},"fnMap":{"0":{"name":"(anonymous_0)","decl":{"start":{"line":3,"column":18},"end":{"line":3,"column":19}},"loc":{"start":{"line":3,"column":24},"end":{"line":9,"column":1}},"line":3}},"branchMap":{},"s":{"0":0,"1":0},"f":{"0":0},"b":{}}
,"/home/lynn/Documents/ALTERNANCE/EXO/librairie/src/js/pages/home.js": {"path":"/home/lynn/Documents/ALTERNANCE/EXO/librairie/src/js/pages/home.js","statementMap":{"0":{"start":{"line":6,"column":2},"end":{"line":6,"column":15}},"1":{"start":{"line":11,"column":13},"end":{"line":19,"column":1}},"2":{"start":{"line":12,"column":2},"end":{"line":18,"column":4}}},"fnMap":{"0":{"name":"sum","decl":{"start":{"line":5,"column":16},"end":{"line":5,"column":19}},"loc":{"start":{"line":5,"column":26},"end":{"line":7,"column":1}},"line":5},"1":{"name":"(anonymous_1)","decl":{"start":{"line":11,"column":13},"end":{"line":11,"column":14}},"loc":{"start":{"line":11,"column":19},"end":{"line":19,"column":1}},"line":11}},"branchMap":{},"s":{"0":1,"1":2,"2":0},"f":{"0":1,"1":0},"b":{},"_coverageSchema":"1a1c01bbd47fc00a2c39e90264f33305004495a9","hash":"096f400696ef8599e09def59a64597ead62158ae"}
,"/home/lynn/Documents/ALTERNANCE/EXO/librairie/src/js/pages/kiwi.js": {"path":"/home/lynn/Documents/ALTERNANCE/EXO/librairie/src/js/pages/kiwi.js","statementMap":{"0":{"start":{"line":6,"column":13},"end":{"line":31,"column":1}},"1":{"start":{"line":7,"column":19},"end":{"line":7,"column":32}},"2":{"start":{"line":8,"column":19},"end":{"line":8,"column":52}},"3":{"start":{"line":8,"column":42},"end":{"line":8,"column":51}},"4":{"start":{"line":10,"column":2},"end":{"line":10,"column":45}},"5":{"start":{"line":12,"column":20},"end":{"line":12,"column":58}},"6":{"start":{"line":12,"column":26},"end":{"line":12,"column":58}},"7":{"start":{"line":13,"column":2},"end":{"line":13,"column":34}},"8":{"start":{"line":19,"column":2},"end":{"line":30,"column":4}}},"fnMap":{"0":{"name":"(anonymous_0)","decl":{"start":{"line":6,"column":13},"end":{"line":6,"column":14}},"loc":{"start":{"line":6,"column":19},"end":{"line":31,"column":1}},"line":6},"1":{"name":"(anonymous_1)","decl":{"start":{"line":8,"column":31},"end":{"line":8,"column":32}},"loc":{"start":{"line":8,"column":42},"end":{"line":8,"column":51}},"line":8},"2":{"name":"(anonymous_2)","decl":{"start":{"line":12,"column":20},"end":{"line":12,"column":21}},"loc":{"start":{"line":12,"column":26},"end":{"line":12,"column":58}},"line":12}},"branchMap":{"0":{"loc":{"start":{"line":25,"column":7},"end":{"line":25,"column":48}},"type":"cond-expr","locations":[{"start":{"line":25,"column":25},"end":{"line":25,"column":43}},{"start":{"line":25,"column":46},"end":{"line":25,"column":48}}],"line":25}},"s":{"0":0,"1":0,"2":0,"3":0,"4":0,"5":0,"6":0,"7":0,"8":0},"f":{"0":0,"1":0,"2":0},"b":{"0":[0,0]}}
,"/home/lynn/Documents/ALTERNANCE/EXO/librairie/src/js/pages/loans.js": {"path":"/home/lynn/Documents/ALTERNANCE/EXO/librairie/src/js/pages/loans.js","statementMap":{"0":{"start":{"line":3,"column":14},"end":{"line":9,"column":1}},"1":{"start":{"line":4,"column":2},"end":{"line":8,"column":3}}},"fnMap":{"0":{"name":"(anonymous_0)","decl":{"start":{"line":3,"column":14},"end":{"line":3,"column":15}},"loc":{"start":{"line":3,"column":20},"end":{"line":9,"column":1}},"line":3}},"branchMap":{},"s":{"0":0,"1":0},"f":{"0":0},"b":{}}
,"/home/lynn/Documents/ALTERNANCE/EXO/librairie/src/js/pages/login.js": {"path":"/home/lynn/Documents/ALTERNANCE/EXO/librairie/src/js/pages/login.js","statementMap":{"0":{"start":{"line":9,"column":14},"end":{"line":62,"column":1}},"1":{"start":{"line":10,"column":16},"end":{"line":10,"column":28}},"2":{"start":{"line":11,"column":17},"end":{"line":11,"column":30}},"3":{"start":{"line":12,"column":28},"end":{"line":12,"column":40}},"4":{"start":{"line":13,"column":34},"end":{"line":13,"column":46}},"5":{"start":{"line":15,"column":30},"end":{"line":15,"column":44}},"6":{"start":{"line":17,"column":23},"end":{"line":20,"column":3}},"7":{"start":{"line":18,"column":4},"end":{"line":18,"column":52}},"8":{"start":{"line":18,"column":31},"end":{"line":18,"column":52}},"9":{"start":{"line":19,"column":4},"end":{"line":19,"column":58}},"10":{"start":{"line":19,"column":34},"end":{"line":19,"column":58}},"11":{"start":{"line":22,"column":23},"end":{"line":41,"column":3}},"12":{"start":{"line":23,"column":4},"end":{"line":23,"column":23}},"13":{"start":{"line":24,"column":4},"end":{"line":24,"column":20}},"14":{"start":{"line":25,"column":17},"end":{"line":28,"column":5}},"15":{"start":{"line":30,"column":4},"end":{"line":40,"column":5}},"16":{"start":{"line":31,"column":21},"end":{"line":31,"column":64}},"17":{"start":{"line":32,"column":6},"end":{"line":32,"column":59}},"18":{"start":{"line":33,"column":6},"end":{"line":33,"column":33}},"19":{"start":{"line":35,"column":6},"end":{"line":35,"column":39}},"20":{"start":{"line":36,"column":6},"end":{"line":36,"column":47}},"21":{"start":{"line":37,"column":6},"end":{"line":37,"column":39}},"22":{"start":{"line":39,"column":6},"end":{"line":39,"column":35}},"23":{"start":{"line":43,"column":2},"end":{"line":61,"column":4}}},"fnMap":{"0":{"name":"(anonymous_0)","decl":{"start":{"line":9,"column":14},"end":{"line":9,"column":15}},"loc":{"start":{"line":9,"column":20},"end":{"line":62,"column":1}},"line":9},"1":{"name":"(anonymous_1)","decl":{"start":{"line":17,"column":23},"end":{"line":17,"column":24}},"loc":{"start":{"line":17,"column":50},"end":{"line":20,"column":3}},"line":17},"2":{"name":"(anonymous_2)","decl":{"start":{"line":22,"column":23},"end":{"line":22,"column":24}},"loc":{"start":{"line":22,"column":36},"end":{"line":41,"column":3}},"line":22}},"branchMap":{"0":{"loc":{"start":{"line":18,"column":4},"end":{"line":18,"column":52}},"type":"if","locations":[{"start":{"line":18,"column":4},"end":{"line":18,"column":52}},{"start":{"line":18,"column":4},"end":{"line":18,"column":52}}],"line":18},"1":{"loc":{"start":{"line":19,"column":4},"end":{"line":19,"column":58}},"type":"if","locations":[{"start":{"line":19,"column":4},"end":{"line":19,"column":58}},{"start":{"line":19,"column":4},"end":{"line":19,"column":58}}],"line":19},"2":{"loc":{"start":{"line":45,"column":7},"end":{"line":45,"column":32}},"type":"binary-expr","locations":[{"start":{"line":45,"column":7},"end":{"line":45,"column":13}},{"start":{"line":45,"column":17},"end":{"line":45,"column":32}}],"line":45}},"s":{"0":0,"1":0,"2":0,"3":0,"4":0,"5":0,"6":0,"7":0,"8":0,"9":0,"10":0,"11":0,"12":0,"13":0,"14":0,"15":0,"16":0,"17":0,"18":0,"19":0,"20":0,"21":0,"22":0,"23":0},"f":{"0":0,"1":0,"2":0},"b":{"0":[0,0],"1":[0,0],"2":[0,0]}}
,"/home/lynn/Documents/ALTERNANCE/EXO/librairie/src/js/pages/register.js": {"path":"/home/lynn/Documents/ALTERNANCE/EXO/librairie/src/js/pages/register.js","statementMap":{"0":{"start":{"line":10,"column":17},"end":{"line":71,"column":1}},"1":{"start":{"line":11,"column":16},"end":{"line":11,"column":28}},"2":{"start":{"line":12,"column":18},"end":{"line":12,"column":23}},"3":{"start":{"line":13,"column":36},"end":{"line":13,"column":48}},"4":{"start":{"line":14,"column":34},"end":{"line":14,"column":46}},"5":{"start":{"line":15,"column":28},"end":{"line":15,"column":40}},"6":{"start":{"line":16,"column":34},"end":{"line":16,"column":46}},"7":{"start":{"line":18,"column":23},"end":{"line":23,"column":3}},"8":{"start":{"line":19,"column":4},"end":{"line":19,"column":60}},"9":{"start":{"line":19,"column":35},"end":{"line":19,"column":60}},"10":{"start":{"line":20,"column":4},"end":{"line":20,"column":58}},"11":{"start":{"line":20,"column":34},"end":{"line":20,"column":58}},"12":{"start":{"line":21,"column":4},"end":{"line":21,"column":52}},"13":{"start":{"line":21,"column":31},"end":{"line":21,"column":52}},"14":{"start":{"line":22,"column":4},"end":{"line":22,"column":58}},"15":{"start":{"line":22,"column":34},"end":{"line":22,"column":58}},"16":{"start":{"line":25,"column":23},"end":{"line":49,"column":3}},"17":{"start":{"line":26,"column":4},"end":{"line":26,"column":23}},"18":{"start":{"line":28,"column":17},"end":{"line":34,"column":5}},"19":{"start":{"line":38,"column":4},"end":{"line":48,"column":5}},"20":{"start":{"line":39,"column":21},"end":{"line":39,"column":60}},"21":{"start":{"line":40,"column":6},"end":{"line":40,"column":43}},"22":{"start":{"line":41,"column":6},"end":{"line":44,"column":7}},"23":{"start":{"line":42,"column":8},"end":{"line":42,"column":31}},"24":{"start":{"line":43,"column":8},"end":{"line":43,"column":30}},"25":{"start":{"line":46,"column":6},"end":{"line":46,"column":39}},"26":{"start":{"line":47,"column":6},"end":{"line":47,"column":35}},"27":{"start":{"line":50,"column":2},"end":{"line":70,"column":4}}},"fnMap":{"0":{"name":"(anonymous_0)","decl":{"start":{"line":10,"column":17},"end":{"line":10,"column":18}},"loc":{"start":{"line":10,"column":23},"end":{"line":71,"column":1}},"line":10},"1":{"name":"(anonymous_1)","decl":{"start":{"line":18,"column":23},"end":{"line":18,"column":24}},"loc":{"start":{"line":18,"column":50},"end":{"line":23,"column":3}},"line":18},"2":{"name":"(anonymous_2)","decl":{"start":{"line":25,"column":23},"end":{"line":25,"column":24}},"loc":{"start":{"line":25,"column":36},"end":{"line":49,"column":3}},"line":25}},"branchMap":{"0":{"loc":{"start":{"line":19,"column":4},"end":{"line":19,"column":60}},"type":"if","locations":[{"start":{"line":19,"column":4},"end":{"line":19,"column":60}},{"start":{"line":19,"column":4},"end":{"line":19,"column":60}}],"line":19},"1":{"loc":{"start":{"line":20,"column":4},"end":{"line":20,"column":58}},"type":"if","locations":[{"start":{"line":20,"column":4},"end":{"line":20,"column":58}},{"start":{"line":20,"column":4},"end":{"line":20,"column":58}}],"line":20},"2":{"loc":{"start":{"line":21,"column":4},"end":{"line":21,"column":52}},"type":"if","locations":[{"start":{"line":21,"column":4},"end":{"line":21,"column":52}},{"start":{"line":21,"column":4},"end":{"line":21,"column":52}}],"line":21},"3":{"loc":{"start":{"line":22,"column":4},"end":{"line":22,"column":58}},"type":"if","locations":[{"start":{"line":22,"column":4},"end":{"line":22,"column":58}},{"start":{"line":22,"column":4},"end":{"line":22,"column":58}}],"line":22},"4":{"loc":{"start":{"line":41,"column":6},"end":{"line":44,"column":7}},"type":"if","locations":[{"start":{"line":41,"column":6},"end":{"line":44,"column":7}},{"start":{"line":41,"column":6},"end":{"line":44,"column":7}}],"line":41}},"s":{"0":0,"1":0,"2":0,"3":0,"4":0,"5":0,"6":0,"7":0,"8":0,"9":0,"10":0,"11":0,"12":0,"13":0,"14":0,"15":0,"16":0,"17":0,"18":0,"19":0,"20":0,"21":0,"22":0,"23":0,"24":0,"25":0,"26":0,"27":0},"f":{"0":0,"1":0,"2":0},"b":{"0":[0,0],"1":[0,0],"2":[0,0],"3":[0,0],"4":[0,0]}}
,"/home/lynn/Documents/ALTERNANCE/EXO/librairie/src/js/pages/resource.js": {"path":"/home/lynn/Documents/ALTERNANCE/EXO/librairie/src/js/pages/resource.js","statementMap":{"0":{"start":{"line":3,"column":17},"end":{"line":9,"column":1}},"1":{"start":{"line":4,"column":2},"end":{"line":8,"column":4}}},"fnMap":{"0":{"name":"(anonymous_0)","decl":{"start":{"line":3,"column":17},"end":{"line":3,"column":18}},"loc":{"start":{"line":3,"column":23},"end":{"line":9,"column":1}},"line":3}},"branchMap":{},"s":{"0":0,"1":0},"f":{"0":0},"b":{}}
,"/home/lynn/Documents/ALTERNANCE/EXO/librairie/src/js/pages/resources.js": {"path":"/home/lynn/Documents/ALTERNANCE/EXO/librairie/src/js/pages/resources.js","statementMap":{"0":{"start":{"line":3,"column":18},"end":{"line":9,"column":1}},"1":{"start":{"line":4,"column":2},"end":{"line":8,"column":4}}},"fnMap":{"0":{"name":"(anonymous_0)","decl":{"start":{"line":3,"column":18},"end":{"line":3,"column":19}},"loc":{"start":{"line":3,"column":24},"end":{"line":9,"column":1}},"line":3}},"branchMap":{},"s":{"0":0,"1":0},"f":{"0":0},"b":{}}
,"/home/lynn/Documents/ALTERNANCE/EXO/librairie/src/js/pages/wishlist.js": {"path":"/home/lynn/Documents/ALTERNANCE/EXO/librairie/src/js/pages/wishlist.js","statementMap":{"0":{"start":{"line":3,"column":17},"end":{"line":9,"column":1}},"1":{"start":{"line":4,"column":2},"end":{"line":8,"column":4}}},"fnMap":{"0":{"name":"(anonymous_0)","decl":{"start":{"line":3,"column":17},"end":{"line":3,"column":18}},"loc":{"start":{"line":3,"column":23},"end":{"line":9,"column":1}},"line":3}},"branchMap":{},"s":{"0":0,"1":0},"f":{"0":0},"b":{}}
,"/home/lynn/Documents/ALTERNANCE/EXO/librairie/src/js/store/auth.js": {"path":"/home/lynn/Documents/ALTERNANCE/EXO/librairie/src/js/store/auth.js","statementMap":{"0":{"start":{"line":3,"column":21},"end":{"line":6,"column":1}},"1":{"start":{"line":8,"column":20},"end":{"line":19,"column":1}},"2":{"start":{"line":9,"column":4},"end":{"line":18,"column":5}},"3":{"start":{"line":11,"column":12},"end":{"line":11,"column":46}},"4":{"start":{"line":13,"column":12},"end":{"line":13,"column":71}},"5":{"start":{"line":15,"column":12},"end":{"line":15,"column":31}},"6":{"start":{"line":17,"column":12},"end":{"line":17,"column":24}},"7":{"start":{"line":21,"column":20},"end":{"line":23,"column":2}}},"fnMap":{"0":{"name":"(anonymous_0)","decl":{"start":{"line":8,"column":20},"end":{"line":8,"column":21}},"loc":{"start":{"line":8,"column":54},"end":{"line":19,"column":1}},"line":8}},"branchMap":{"0":{"loc":{"start":{"line":8,"column":21},"end":{"line":8,"column":41}},"type":"default-arg","locations":[{"start":{"line":8,"column":29},"end":{"line":8,"column":41}}],"line":8},"1":{"loc":{"start":{"line":9,"column":4},"end":{"line":18,"column":5}},"type":"switch","locations":[{"start":{"line":10,"column":8},"end":{"line":11,"column":46}},{"start":{"line":12,"column":8},"end":{"line":13,"column":71}},{"start":{"line":14,"column":8},"end":{"line":15,"column":31}},{"start":{"line":16,"column":8},"end":{"line":17,"column":24}}],"line":9}},"s":{"0":0,"1":0,"2":0,"3":0,"4":0,"5":0,"6":0,"7":0},"f":{"0":0},"b":{"0":[0],"1":[0,0,0,0]}}
,"/home/lynn/Documents/ALTERNANCE/EXO/librairie/src/js/store/main.js": {"path":"/home/lynn/Documents/ALTERNANCE/EXO/librairie/src/js/store/main.js","statementMap":{"0":{"start":{"line":3,"column":21},"end":{"line":7,"column":1}},"1":{"start":{"line":9,"column":28},"end":{"line":24,"column":1}},"2":{"start":{"line":10,"column":0},"end":{"line":23,"column":1}},"3":{"start":{"line":12,"column":4},"end":{"line":12,"column":50}},"4":{"start":{"line":14,"column":4},"end":{"line":14,"column":37}},"5":{"start":{"line":16,"column":8},"end":{"line":16,"column":54}},"6":{"start":{"line":19,"column":4},"end":{"line":19,"column":16}},"7":{"start":{"line":21,"column":4},"end":{"line":21,"column":16}},"8":{"start":{"line":27,"column":20},"end":{"line":27,"column":63}}},"fnMap":{"0":{"name":"(anonymous_0)","decl":{"start":{"line":9,"column":28},"end":{"line":9,"column":29}},"loc":{"start":{"line":9,"column":62},"end":{"line":24,"column":1}},"line":9}},"branchMap":{"0":{"loc":{"start":{"line":9,"column":29},"end":{"line":9,"column":49}},"type":"default-arg","locations":[{"start":{"line":9,"column":37},"end":{"line":9,"column":49}}],"line":9},"1":{"loc":{"start":{"line":10,"column":0},"end":{"line":23,"column":1}},"type":"switch","locations":[{"start":{"line":11,"column":0},"end":{"line":12,"column":50}},{"start":{"line":13,"column":4},"end":{"line":14,"column":37}},{"start":{"line":15,"column":4},"end":{"line":16,"column":54}},{"start":{"line":18,"column":4},"end":{"line":19,"column":16}},{"start":{"line":20,"column":4},"end":{"line":21,"column":16}}],"line":10}},"s":{"0":0,"1":0,"2":0,"3":0,"4":0,"5":0,"6":0,"7":0,"8":0},"f":{"0":0},"b":{"0":[0],"1":[0,0,0,0,0]}}
,"/home/lynn/Documents/ALTERNANCE/EXO/librairie/src/js/store/root.js": {"path":"/home/lynn/Documents/ALTERNANCE/EXO/librairie/src/js/store/root.js","statementMap":{"0":{"start":{"line":5,"column":20},"end":{"line":8,"column":2}}},"fnMap":{},"branchMap":{},"s":{"0":0},"f":{},"b":{}}
,"/home/lynn/Documents/ALTERNANCE/EXO/librairie/src/js/store/store.js": {"path":"/home/lynn/Documents/ALTERNANCE/EXO/librairie/src/js/store/store.js","statementMap":{"0":{"start":{"line":5,"column":25},"end":{"line":5,"column":39}},"1":{"start":{"line":8,"column":0},"end":{"line":12,"column":2}}},"fnMap":{"0":{"name":"(anonymous_0)","decl":{"start":{"line":7,"column":15},"end":{"line":7,"column":16}},"loc":{"start":{"line":7,"column":33},"end":{"line":13,"column":1}},"line":7}},"branchMap":{},"s":{"0":0,"1":0},"f":{"0":0},"b":{}}
,"/home/lynn/Documents/ALTERNANCE/EXO/librairie/src/utils/api.js": {"path":"/home/lynn/Documents/ALTERNANCE/EXO/librairie/src/utils/api.js","statementMap":{"0":{"start":{"line":3,"column":12},"end":{"line":3,"column":45}},"1":{"start":{"line":5,"column":0},"end":{"line":5,"column":23}},"2":{"start":{"line":7,"column":17},"end":{"line":13,"column":2}}},"fnMap":{},"branchMap":{},"s":{"0":0,"1":0,"2":0},"f":{},"b":{}}
}
